============================== Prover9 ===============================
Prover9 (64) version 2009-11A, November 2009.
Process 33778 was started by doppler on Rads-MacBook-Pro.local,
Sun Dec  8 17:21:34 2024
The command was "./prover9 -f ./myProver9.in".
============================== end of head ===========================

============================== INPUT =================================

% Reading from file ./myProver9.in


formulas(assumptions).
-P | -T.
-S -> P.
-Q & -R.
True.
R | T.
end_of_list.

formulas(goals).
T.
end_of_list.

============================== end of input ==========================

============================== PROCESS NON-CLAUSAL FORMULAS ==========

% Formulas that are not ordinary clauses:
1 -S -> P # label(non_clause).  [assumption].
2 -Q & -R # label(non_clause).  [assumption].
3 T # label(non_clause) # label(goal).  [goal].

============================== end of process non-clausal formulas ===

============================== PROCESS INITIAL CLAUSES ===============

% Clauses before input processing:

formulas(usable).
end_of_list.

formulas(sos).
-P | -T.  [assumption].
S | P.  [clausify(1)].
-Q.  [clausify(2)].
-R.  [clausify(2)].
True.  [assumption].
R | T.  [assumption].
-T.  [deny(3)].
end_of_list.

formulas(demodulators).
end_of_list.

============================== PREDICATE ELIMINATION =================

No predicates eliminated.

============================== end predicate elimination =============

Auto_denials:  (non-Horn, no changes).

Term ordering decisions:
Predicate symbol precedence:  predicate_order([ P, R, S, T, True, Q ]).
Function symbol precedence:  function_order([ ]).
After inverse_order:  (no changes).
Unfolding symbols: (none).

Auto_inference settings:
  % set(binary_resolution).  % (non-Horn)
  % set(neg_ur_resolution).  % (non-Horn, less than 100 clauses)

Auto_process settings:
  % set(factor).  % (non-Horn)
  % set(unit_deletion).  % (non-Horn)

kept:      4 -P | -T.  [assumption].
kept:      5 S | P.  [clausify(1)].
kept:      6 -Q.  [clausify(2)].
kept:      7 -R.  [clausify(2)].
kept:      8 True.  [assumption].
           9 R | T.  [assumption].
kept:      10 T.  [copy(9),unit_del(a,7)].
           11 -T.  [deny(3)].

============================== PROOF =================================

% Proof 1 at 0.00 (+ 0.00) seconds.
% Length of proof is 7.
% Level of proof is 3.
% Maximum clause weight is 1.000.
% Given clauses 0.

2 -Q & -R # label(non_clause).  [assumption].
3 T # label(non_clause) # label(goal).  [goal].
7 -R.  [clausify(2)].
9 R | T.  [assumption].
10 T.  [copy(9),unit_del(a,7)].
11 -T.  [deny(3)].
12 $F.  [copy(11),unit_del(a,10)].

============================== end of proof ==========================

============================== STATISTICS ============================

Given=0. Generated=7. Kept=6. proofs=1.
Usable=0. Sos=0. Demods=0. Limbo=6, Disabled=7. Hints=0.
Kept_by_rule=0, Deleted_by_rule=0.
Forward_subsumed=0. Back_subsumed=0.
Sos_limit_deleted=0. Sos_displaced=0. Sos_removed=0.
New_demodulators=0 (0 lex), Back_demodulated=0. Back_unit_deleted=0.
Demod_attempts=0. Demod_rewrites=0.
Res_instance_prunes=0. Para_instance_prunes=0. Basic_paramod_prunes=0.
Nonunit_fsub_feature_tests=0. Nonunit_bsub_feature_tests=0.
Megabytes=0.03.
User_CPU=0.00, System_CPU=0.00, Wall_clock=0.

============================== end of statistics =====================

============================== end of search =========================

THEOREM PROVED

Exiting with 1 proof.

Process 33778 exit (max_proofs) Sun Dec  8 17:21:34 2024
